=== FastMNMF2 Optuna search (n_src=7) ===
Loading DONT-TOUCH/Software Case/mixture.wav ...
  926100 samples | 4 ch | 44100 Hz | 21.0s


======================================================================
  Optimising n_src=7  (50 trials, 1 workers)
======================================================================
  trial 0: stft=2048 hop=1024 iter=40 n_comp=16
  trial 0: cross-corr=2.3851
  trial 1: stft=2048 hop=1024 iter=80 n_comp=6
  trial 1: cross-corr=1.4354
  trial 2: stft=2048 hop=512 iter=110 n_comp=8
  trial 2: cross-corr=1.5352
  trial 3: stft=2048 hop=512 iter=200 n_comp=6
  trial 3: cross-corr=1.2545
  trial 4: stft=4096 hop=2048 iter=220 n_comp=10
  trial 4: cross-corr=1.1759
  trial 5: stft=2048 hop=1024 iter=110 n_comp=10
  trial 5: cross-corr=1.3438
  trial 6: stft=4096 hop=1024 iter=190 n_comp=16
  trial 6: cross-corr=1.3935
  trial 7: stft=2048 hop=512 iter=260 n_comp=8
  trial 7: cross-corr=1.3160
  trial 8: stft=2048 hop=256 iter=240 n_comp=6
  trial 8: cross-corr=1.3913
  trial 9: stft=2048 hop=512 iter=130 n_comp=4
  trial 9: cross-corr=2.1577
  trial 10: stft=1024 hop=128 iter=300 n_comp=12
  trial 10: cross-corr=1.7149
  trial 11: stft=4096 hop=2048 iter=190 n_comp=12
  trial 11: cross-corr=1.1210
  trial 12: stft=4096 hop=2048 iter=180 n_comp=12
  trial 12: cross-corr=1.4577
  trial 13: stft=4096 hop=2048 iter=230 n_comp=12
  trial 13: cross-corr=1.2896
  trial 14: stft=4096 hop=2048 iter=150 n_comp=14
  trial 14: cross-corr=1.2524
  trial 15: stft=4096 hop=2048 iter=280 n_comp=10
  trial 15: cross-corr=0.9750
  trial 16: stft=1024 hop=512 iter=300 n_comp=14
  trial 16: cross-corr=1.5109
  trial 17: stft=4096 hop=512 iter=270 n_comp=14
  trial 17: cross-corr=1.3707
  trial 18: stft=4096 hop=2048 iter=160 n_comp=8
  trial 18: cross-corr=1.2542
  trial 19: stft=4096 hop=2048 iter=270 n_comp=10
  trial 19: cross-corr=1.0230
  trial 20: stft=1024 hop=128 iter=270 n_comp=10
  trial 20: cross-corr=1.3104
  trial 21: stft=4096 hop=2048 iter=250 n_comp=10
  trial 21: cross-corr=1.1392
  trial 22: stft=4096 hop=2048 iter=210 n_comp=12
  trial 22: cross-corr=1.2768
  trial 23: stft=4096 hop=2048 iter=280 n_comp=10
  trial 23: cross-corr=1.1293
  trial 24: stft=4096 hop=2048 iter=240 n_comp=8
  trial 24: cross-corr=1.1036
  trial 25: stft=4096 hop=2048 iter=290 n_comp=8
  trial 25: cross-corr=0.9719
  trial 26: stft=4096 hop=2048 iter=290 n_comp=4
  trial 26: cross-corr=1.0637
  trial 27: stft=1024 hop=512 iter=280 n_comp=8
  trial 27: cross-corr=1.2032
  trial 28: stft=4096 hop=512 iter=260 n_comp=6
  trial 28: cross-corr=1.1682
  trial 29: stft=4096 hop=2048 iter=50 n_comp=8
  trial 29: cross-corr=2.2167
  trial 30: stft=4096 hop=2048 iter=300 n_comp=10
  trial 30: cross-corr=1.0588
  trial 31: stft=4096 hop=2048 iter=300 n_comp=10
  trial 31: cross-corr=1.1987
  trial 32: stft=4096 hop=2048 iter=280 n_comp=10
  trial 32: cross-corr=1.2597
  trial 33: stft=4096 hop=2048 iter=250 n_comp=8
  trial 33: cross-corr=1.1823
  trial 34: stft=4096 hop=2048 iter=300 n_comp=6
  trial 34: cross-corr=1.1254
  trial 35: stft=4096 hop=2048 iter=230 n_comp=12
  trial 35: cross-corr=1.2728
  trial 36: stft=4096 hop=1024 iter=270 n_comp=10
  trial 36: cross-corr=1.3244
  trial 37: stft=1024 hop=512 iter=70 n_comp=8
  trial 37: cross-corr=1.8746
  trial 38: stft=4096 hop=2048 iter=210 n_comp=10
  trial 38: cross-corr=1.0419
  trial 39: stft=2048 hop=512 iter=210 n_comp=6
  trial 39: cross-corr=1.2406
  trial 40: stft=4096 hop=2048 iter=220 n_comp=10
  trial 40: cross-corr=1.1693
  trial 41: stft=4096 hop=2048 iter=260 n_comp=10
  trial 41: cross-corr=1.2599
  trial 42: stft=4096 hop=2048 iter=290 n_comp=8
  trial 42: cross-corr=1.4030
  trial 43: stft=4096 hop=2048 iter=280 n_comp=10
  trial 43: cross-corr=1.0634
  trial 44: stft=2048 hop=1024 iter=250 n_comp=12
  trial 44: cross-corr=1.1152
  trial 45: stft=4096 hop=1024 iter=120 n_comp=10
  trial 45: cross-corr=1.4343
  trial 46: stft=4096 hop=2048 iter=290 n_comp=8
  trial 46: cross-corr=1.0014
  trial 47: stft=4096 hop=512 iter=240 n_comp=8
  trial 47: cross-corr=1.3865
  trial 48: stft=2048 hop=1024 iter=180 n_comp=6
  trial 48: cross-corr=0.9298
  trial 49: stft=2048 hop=1024 iter=100 n_comp=4
  trial 49: cross-corr=2.0954

  Best params (cross-corr 0.9298):
    stft_size: 2048
    n_iter: 180
    n_components: 6
    n_src: 7
    hop_size: 1024
    best_cross_corr: 0.9297996075561353
  Saved → analysis/ica/optuna/best_params_nsrc7.json

  Running final separation with best params ...
  saved  analysis/ica/separated/mixture_fmnmf2_opt_n7_source_1_180deg.wav
  saved  analysis/ica/separated/mixture_fmnmf2_opt_n7_source_2_313deg.wav
  saved  analysis/ica/separated/mixture_fmnmf2_opt_n7_source_3_358deg.wav
  saved  analysis/ica/separated/mixture_fmnmf2_opt_n7_source_4_134deg.wav
  saved  analysis/ica/separated/mixture_fmnmf2_opt_n7_source_5_90deg.wav
  saved  analysis/ica/separated/mixture_fmnmf2_opt_n7_source_6_180deg.wav
  saved  analysis/ica/separated/mixture_fmnmf2_opt_n7_source_7_90deg.wav

Done.
=== Done ===
