Loaded dependency [python3/3.12.11]: sqlite3/3.50.1
Loaded dependency [python3/3.12.11]: gcc/14.3.0-binutils-2.44
Loaded module: python3/3.12.11

Loading python3/3.12.11
  Loading requirement: sqlite3/3.50.1 gcc/14.3.0-binutils-2.44
Loaded module: cuda/12.6
Traceback (most recent call last):
  File "/zhome/53/3/169791/audio-explorers-2026/analysis/dl_separation/hpc_train_tfgridnet7.py", line 310, in <module>
    train(args)
  File "/zhome/53/3/169791/audio-explorers-2026/analysis/dl_separation/hpc_train_tfgridnet7.py", line 255, in train
    estimates    = model(mix)
                   ^^^^^^^^^^
  File "/zhome/53/3/169791/audio-explorers-2026/.venv_gpu/lib/python3.12/site-packages/torch/nn/modules/module.py", line 1779, in _wrapped_call_impl
    return self._call_impl(*args, **kwargs)
           ^^^^^^^^^^^^^^^^^^^^^^^^^^^^^^^^
  File "/zhome/53/3/169791/audio-explorers-2026/.venv_gpu/lib/python3.12/site-packages/torch/nn/modules/module.py", line 1790, in _call_impl
    return forward_call(*args, **kwargs)
           ^^^^^^^^^^^^^^^^^^^^^^^^^^^^^
  File "/zhome/53/3/169791/audio-explorers-2026/analysis/dl_separation/hpc_train_tfgridnet7.py", line 119, in forward
    wav = torch.istft(S, self.n_fft, self.hop, window=window,
          ^^^^^^^^^^^^^^^^^^^^^^^^^^^^^^^^^^^^^^^^^^^^^^^^^^^
RuntimeError: istft(CUDAComplexFloatType[4, 257, 249], n_fft=512, hop_length=256, win_length=512, window=torch.cuda.FloatTensor{[512]}, center=0, normalized=0, onesided=None, length=64000, return_complex=0) window overlap add min: 1
[ CUDABoolType{} ]
